<?xml version="1.0" encoding="UTF-8"?>
<testng-results ignored="1" total="10" passed="9" failed="0" skipped="0">
  <reporter-output>
  </reporter-output>
  <suite started-at="2022-01-07T09:02:42 CST" name="All Test Suite" finished-at="2022-01-07T09:03:07 CST" duration-ms="24579">
    <groups>
    </groups>
    <test started-at="2022-01-07T09:02:42 CST" name="C:/Users/karap/IdeaProjects/XYZ_Bank_Genspark" finished-at="2022-01-07T09:03:07 CST" duration-ms="24579">
      <class name="test.java.BankManagerTests">
        <test-method is-config="true" signature="setup()[pri:0, instance:test.java.BankManagerTests@231f98ef]" started-at="2022-01-07T09:02:42 CST" name="setup" finished-at="2022-01-07T09:02:52 CST" duration-ms="9228" status="PASS">
          <reporter-output>
          </reporter-output>
        </test-method> <!-- setup -->
        <test-method is-config="true" signature="setWait()[pri:0, instance:test.java.BankManagerTests@231f98ef]" started-at="2022-01-07T09:02:52 CST" name="setWait" finished-at="2022-01-07T09:02:52 CST" duration-ms="4" status="PASS">
          <reporter-output>
          </reporter-output>
        </test-method> <!-- setWait -->
        <test-method signature="login()[pri:0, instance:test.java.BankManagerTests@231f98ef]" started-at="2022-01-07T09:02:52 CST" name="login" finished-at="2022-01-07T09:02:54 CST" duration-ms="2524" status="PASS">
          <reporter-output>
          </reporter-output>
        </test-method> <!-- login -->
        <test-method is-config="true" signature="setWait()[pri:0, instance:test.java.BankManagerTests@231f98ef]" started-at="2022-01-07T09:02:54 CST" name="setWait" finished-at="2022-01-07T09:02:54 CST" duration-ms="1" status="PASS">
          <reporter-output>
          </reporter-output>
        </test-method> <!-- setWait -->
        <test-method signature="addCustomer()[pri:0, instance:test.java.BankManagerTests@231f98ef]" started-at="2022-01-07T09:02:54 CST" name="addCustomer" finished-at="2022-01-07T09:02:56 CST" depends-on-methods="test.java.BankManagerTests.login" duration-ms="1692" status="PASS">
          <reporter-output>
          </reporter-output>
        </test-method> <!-- addCustomer -->
        <test-method is-config="true" signature="setWait()[pri:0, instance:test.java.BankManagerTests@231f98ef]" started-at="2022-01-07T09:02:56 CST" name="setWait" finished-at="2022-01-07T09:02:56 CST" duration-ms="0" status="PASS">
          <reporter-output>
          </reporter-output>
        </test-method> <!-- setWait -->
        <test-method signature="openAccounts()[pri:0, instance:test.java.BankManagerTests@231f98ef]" started-at="2022-01-07T09:02:56 CST" name="openAccounts" finished-at="2022-01-07T09:02:58 CST" depends-on-methods="test.java.BankManagerTests.addCustomer" duration-ms="1761" status="PASS">
          <reporter-output>
          </reporter-output>
        </test-method> <!-- openAccounts -->
        <test-method signature="searchSection()[pri:0, instance:test.java.BankManagerTests@231f98ef]" started-at="2022-01-07T09:02:58 CST" name="searchSection" finished-at="2022-01-07T09:03:00 CST" depends-on-methods="test.java.BankManagerTests.openAccounts" duration-ms="2060" status="PASS">
          <reporter-output>
          </reporter-output>
        </test-method> <!-- searchSection -->
        <test-method is-config="true" signature="setWait()[pri:0, instance:test.java.BankManagerTests@231f98ef]" started-at="2022-01-07T09:02:58 CST" name="setWait" finished-at="2022-01-07T09:02:58 CST" duration-ms="0" status="PASS">
          <reporter-output>
          </reporter-output>
        </test-method> <!-- setWait -->
        <test-method is-config="true" signature="quitTest()[pri:0, instance:test.java.BankManagerTests@231f98ef]" started-at="2022-01-07T09:03:07 CST" name="quitTest" finished-at="2022-01-07T09:03:07 CST" duration-ms="101" status="PASS">
          <reporter-output>
          </reporter-output>
        </test-method> <!-- quitTest -->
      </class> <!-- test.java.BankManagerTests -->
      <class name="test.java.CustomerTests">
        <test-method is-config="true" signature="setup()[pri:0, instance:test.java.CustomerTests@24569dba]" started-at="2022-01-07T09:03:00 CST" name="setup" finished-at="2022-01-07T09:03:00 CST" duration-ms="42" status="PASS">
          <reporter-output>
          </reporter-output>
        </test-method> <!-- setup -->
        <test-method signature="navBar()[pri:0, instance:test.java.CustomerTests@24569dba]" started-at="2022-01-07T09:03:00 CST" name="navBar" finished-at="2022-01-07T09:03:02 CST" duration-ms="2220" status="PASS">
          <reporter-output>
          </reporter-output>
        </test-method> <!-- navBar -->
        <test-method is-config="true" signature="setWait()[pri:0, instance:test.java.CustomerTests@24569dba]" started-at="2022-01-07T09:03:00 CST" name="setWait" finished-at="2022-01-07T09:03:00 CST" duration-ms="0" status="PASS">
          <reporter-output>
          </reporter-output>
        </test-method> <!-- setWait -->
        <test-method signature="customerLogin()[pri:1, instance:test.java.CustomerTests@24569dba]" started-at="2022-01-07T09:03:02 CST" name="customerLogin" finished-at="2022-01-07T09:03:03 CST" duration-ms="598" status="PASS">
          <reporter-output>
          </reporter-output>
        </test-method> <!-- customerLogin -->
        <test-method is-config="true" signature="setWait()[pri:0, instance:test.java.CustomerTests@24569dba]" started-at="2022-01-07T09:03:02 CST" name="setWait" finished-at="2022-01-07T09:03:02 CST" duration-ms="0" status="PASS">
          <reporter-output>
          </reporter-output>
        </test-method> <!-- setWait -->
        <test-method signature="depositSection()[pri:0, instance:test.java.CustomerTests@24569dba]" started-at="2022-01-07T09:03:03 CST" name="depositSection" finished-at="2022-01-07T09:03:03 CST" depends-on-methods="test.java.CustomerTests.customerLogin" duration-ms="955" status="PASS">
          <reporter-output>
          </reporter-output>
        </test-method> <!-- depositSection -->
        <test-method is-config="true" signature="setWait()[pri:0, instance:test.java.CustomerTests@24569dba]" started-at="2022-01-07T09:03:03 CST" name="setWait" finished-at="2022-01-07T09:03:03 CST" duration-ms="0" status="PASS">
          <reporter-output>
          </reporter-output>
        </test-method> <!-- setWait -->
        <test-method is-config="true" signature="setWait()[pri:0, instance:test.java.CustomerTests@24569dba]" started-at="2022-01-07T09:03:03 CST" name="setWait" finished-at="2022-01-07T09:03:03 CST" duration-ms="0" status="PASS">
          <reporter-output>
          </reporter-output>
        </test-method> <!-- setWait -->
        <test-method signature="withdrawalSection()[pri:0, instance:test.java.CustomerTests@24569dba]" started-at="2022-01-07T09:03:03 CST" name="withdrawalSection" finished-at="2022-01-07T09:03:06 CST" depends-on-methods="test.java.CustomerTests.customerLogin" duration-ms="2048" status="PASS">
          <reporter-output>
          </reporter-output>
        </test-method> <!-- withdrawalSection -->
        <test-method is-config="true" signature="setWait()[pri:0, instance:test.java.CustomerTests@24569dba]" started-at="2022-01-07T09:03:06 CST" name="setWait" finished-at="2022-01-07T09:03:06 CST" duration-ms="0" status="PASS">
          <reporter-output>
          </reporter-output>
        </test-method> <!-- setWait -->
        <test-method signature="transactionSection()[pri:0, instance:test.java.CustomerTests@24569dba]" started-at="2022-01-07T09:03:06 CST" name="transactionSection" finished-at="2022-01-07T09:03:07 CST" depends-on-methods="test.java.CustomerTests.withdrawalSection" duration-ms="1384" status="PASS">
          <reporter-output>
          </reporter-output>
        </test-method> <!-- transactionSection -->
      </class> <!-- test.java.CustomerTests -->
    </test> <!-- C:/Users/karap/IdeaProjects/XYZ_Bank_Genspark -->
  </suite> <!-- All Test Suite -->
</testng-results>
